ERROR:root:2023-10-25 00:19:35.555716 CANNOT SEND FILE WITH PATH /server.py.FILE DOES NOT EXIST
ERROR:root:2023-10-25 00:22:08.607086 CANNOT SEND FILE WITH PATH /server.py. FILE DOES NOT EXIST
ERROR:root:2023-10-25 00:24:30.698260 CANNOT SEND FILE WITH PATH D:/server.py. FILE DOES NOT EXIST
ERROR:root:2023-10-25 00:27:56.549396 CANNOT SEND FILE WITH PATH D:\server.py. FILE DOES NOT EXIST
ERROR:root:2023-10-25 00:27:58.561564 CANNOT SEND FILE WITH PATH D:\server.py. FILE DOES NOT EXIST
ERROR:root:2023-10-25 00:29:24.096099 CANNOT SEND FILE WITH PATH D:\server.py. FILE DOES NOT EXIST
ERROR:root:2023-10-25 00:29:24.658369 CANNOT SEND FILE WITH PATH D:\server.py. FILE DOES NOT EXIST
ERROR:root:2023-10-25 00:29:25.081663 CANNOT SEND FILE WITH PATH D:\server.py. FILE DOES NOT EXIST
ERROR:root:2023-10-25 00:29:25.383063 CANNOT SEND FILE WITH PATH D:\server.py. FILE DOES NOT EXIST
ERROR:root:2023-10-25 00:29:25.547797 CANNOT SEND FILE WITH PATH D:\server.py. FILE DOES NOT EXIST
ERROR:root:2023-10-25 00:30:49.986086 CANNOT SEND FILE WITH PATH D:\server.py. FILE DOES NOT EXIST
ERROR:root:2023-10-25 00:33:16.092755 CANNOT SEND FILE WITH PATH D:\server.py. FILE DOES NOT EXIST
ERROR:root:2023-10-25 00:33:59.008743 CANNOT SEND FILE WITH PATH D:\server.py. FILE DOES NOT EXIST
ERROR:root:2023-10-25 00:34:00.198479 CANNOT SEND FILE WITH PATH D:\server.py. FILE DOES NOT EXIST
ERROR:root:2023-10-25 00:34:21.996633 CANNOT SEND FILE WITH PATH D:\server.py. FILE DOES NOT EXIST
ERROR:root:2023-10-25 00:34:55.763613 CANNOT SEND FILE WITH PATH D:\server.py. FILE DOES NOT EXIST
ERROR:root:2023-10-25 00:34:56.276535 CANNOT SEND FILE WITH PATH D:\server.py. FILE DOES NOT EXIST
ERROR:root:2023-10-25 00:34:57.052455 CANNOT SEND FILE WITH PATH D:\server.py. FILE DOES NOT EXIST
ERROR:root:2023-10-25 00:35:23.212680 CANNOT SEND FILE WITH PATH \server.py. FILE DOES NOT EXIST
ERROR:root:2023-10-25 00:35:41.382630 CANNOT SEND FILE WITH PATH \server.py. FILE DOES NOT EXIST
ERROR:root:2023-10-25 00:37:44.120576 CANNOT SEND FILE WITH PATH \server.py. FILE DOES NOT EXIST
ERROR:root:2023-10-25 00:38:21.268227 CANNOT SEND FILE WITH PATH \server.py. FILE DOES NOT EXIST
ERROR:root:2023-10-25 00:39:41.532998 CANNOT SEND FILE WITH PATH /server.py. FILE DOES NOT EXIST
ERROR:root:2023-10-25 00:40:20.767322 CANNOT SEND FILE WITH PATH /server.py. FILE DOES NOT EXIST
ERROR:root:2023-10-25 00:40:51.836528 CANNOT SEND FILE WITH PATH /server.py. FILE DOES NOT EXIST
ERROR:root:2023-10-25 00:41:47.734858 CANNOT SEND FILE WITH PATH D:/server.py. FILE DOES NOT EXIST
ERROR:root:2023-10-25 00:43:23.139833 CANNOT SEND FILE WITH PATH D:/server.py. FILE DOES NOT EXIST
ERROR:root:2023-10-25 00:44:02.429128 CANNOT SEND FILE WITH PATH D:/server.py. FILE DOES NOT EXIST
ERROR:root:2023-10-25 00:44:13.393087 CANNOT SEND FILE WITH PATH D:/server.py. FILE DOES NOT EXIST
ERROR:root:2023-10-25 00:47:16.783005 CANNOT SEND FILE WITH PATH D:/server.py. FILE DOES NOT EXIST
WARNING:root:2023-10-25 00:48:14.617377 SERVER SHUTDOWN
ERROR:root:2023-10-25 00:52:18.810938 CANNOT SEND FILE WITH PATH D:\Programms\Programming\BSUIR\NetworksClientServer\brog. FILE DOES NOT EXIST
WARNING:root:2023-10-25 00:53:39.333416 METHOD  DOES NOT EXIST
WARNING:root:2023-10-25 00:53:39.334413 METHOD  DOES NOT EXIST
WARNING:root:2023-10-25 01:01:00.647562 SERVER SHUTDOWN
WARNING:root:2023-10-25 01:35:34.147079 SERVER SHUTDOWN
